<?xml version="1.0" encoding="UTF-8"?>
<testng-results ignored="0" total="1" passed="1" failed="0" skipped="0">
  <reporter-output>
  </reporter-output>
  <suite started-at="2021-08-26T01:41:38Z" name="Default suite" finished-at="2021-08-26T01:41:44Z" duration-ms="5785">
    <groups>
    </groups>
    <test started-at="2021-08-26T01:41:38Z" name="Default test" finished-at="2021-08-26T01:41:44Z" duration-ms="5785">
      <class name="NewTest">
        <test-method signature="f()[pri:0, instance:NewTest@2931522b]" started-at="2021-08-25T20:41:38Z" name="f" finished-at="2021-08-25T20:41:44Z" duration-ms="5746" status="PASS">
          <reporter-output>
          </reporter-output>
        </test-method> <!-- f -->
      </class> <!-- NewTest -->
    </test> <!-- Default test -->
  </suite> <!-- Default suite -->
</testng-results>
